#
# A fatal error has been detected by the Java Runtime Environment:
#
#  SIGSEGV (0xb) at pc=0x00007fac1bcfbc58, pid=4211, tid=140379651000080
#
# JRE version: 6.0_20-b20
# Java VM: OpenJDK 64-Bit Server VM (17.0-b16 mixed mode linux-amd64 )
# Derivative: IcedTea6 1.9.3
# Distribution: Custom build (Thu Dec  2 11:51:14 UTC 2010)
# Problematic frame:
# C  [libX11.so.6+0x39c58]  XQueryExtension+0x28
#
# If you would like to submit a bug report, please include
# instructions how to reproduce the bug and visit:
#   http://icedtea.classpath.org/bugzilla
# The crash happened outside the Java Virtual Machine in native code.
# See problematic frame for where to report the bug.
#

---------------  T H R E A D  ---------------

Current thread (0x000000000225e000):  JavaThread "main" [_thread_in_native, id=4216, stack(0x00007facaf2b4000,0x00007facaf3b5000)]

siginfo:si_signo=SIGSEGV: si_errno=0, si_code=1 (SEGV_MAPERR), si_addr=0x000000001c2368b8

Registers:
RAX=0x00007facaf3b3140, RBX=0x000000001c235f50, RCX=0x00007facaf3b3148, RDX=0x00007facaf3b3144
RSP=0x00007facaf3b30d0, RBP=0x00007fac19662d70, RSI=0x00007fac19662d70, RDI=0x000000001c235f50
R8 =0x00007facaf3b314c, R9 =0x0000000000000000, R10=0x00007facae9879e8, R11=0x00007facae662470
R12=0x00007facaf3b3144, R13=0x00007fac1c2bf780, R14=0x00007fac1c2bf780, R15=0x0000000000000000
RIP=0x00007fac1bcfbc58, EFL=0x0000000000010202, CSGSFS=0x0000000000000033, ERR=0x0000000000000004
  TRAPNO=0x000000000000000e

Top of Stack: (sp=0x00007facaf3b30d0)
0x00007facaf3b30d0:   00007fac194b8860 0000000000000000
0x00007facaf3b30e0:   0000000000000020 00007fac18e93cf9
0x00007facaf3b30f0:   00007facae63b4a8 000000001c235f50
0x00007facaf3b3100:   00007fac19662d70 0000000000000011
0x00007facaf3b3110:   00007fac1c2bf780 00007fac1c2bf780
0x00007facaf3b3120:   0000000000000000 00007fac1bcef464
0x00007facaf3b3130:   0000000000000000 00007facae6a2f70
0x00007facaf3b3140:   00007fac1c245fb0 00007fac19795ca0
0x00007facaf3b3150:   00007fac19795ca0 000000001c235f50
0x00007facaf3b3160:   0000000000000011 00007fac200e9db2
0x00007facaf3b3170:   000000000000000e 00007facae63b4a8
0x00007facaf3b3180:   00007fac1c237cf0 00007fac19662d70
0x00007facaf3b3190:   00007facaf3b3200 0000000000000000
0x00007facaf3b31a0:   000000001c235f50 00007fac197ad3d0
0x00007facaf3b31b0:   00007fac19662d70 00007fac1c245fb0
0x00007facaf3b31c0:   0000000000000012 00007fac19614941
0x00007facaf3b31d0:   00007facaf3b3200 0000000000000029
0x00007facaf3b31e0:   00007facaf3b3200 0000000000000000
0x00007facaf3b31f0:   00007facaf3e5008 00007fac1960bfb2
0x00007facaf3b3200:   00007facaf3b33f0 00007fac19662d01
0x00007facaf3b3210:   0000000000000000 00007facaf1d4eac
0x00007facaf3b3220:   00007facaf3e6148 00007facaf3e66d8
0x00007facaf3b3230:   00007facaf3b94f0 0000000002262190
0x00007facaf3b3240:   00007fac1c0ef7f0 00007fac1c0efcc0
0x00007facaf3b3250:   00007facaf3e3808 00007fac1c2b0240
0x00007facaf3b3260:   00007fac1c2b1050 00007fac1c043ed0
0x00007facaf3b3270:   00007fac1c03eb50 00000000022595a0
0x00007facaf3b3280:   0000000002258f20 00000000022565c0
0x00007facaf3b3290:   00007fac1c24b730 0000000002257ad0
0x00007facaf3b32a0:   000000000225aa40 00007fac1c1e14d0
0x00007facaf3b32b0:   00007fac1c245fb0 00007facaf3b9000
0x00007facaf3b32c0:   00007fac1c2f8ac0 00007fac1c03dd80 

Instructions: (pc=0x00007fac1bcfbc58)
0x00007fac1bcfbc48:   89 d4 4c 89 74 24 f0 4c 89 7c 24 f8 48 83 ec 58
0x00007fac1bcfbc58:   48 8b 87 68 09 00 00 49 89 f5 48 89 cd 4d 89 c6 

Stack: [0x00007facaf2b4000,0x00007facaf3b5000],  sp=0x00007facaf3b30d0,  free space=3fc0000000000000046k
Native frames: (J=compiled Java code, j=interpreted, Vv=VM code, C=native code)
C  [libX11.so.6+0x39c58]  XQueryExtension+0x28

Java frames: (J=compiled Java code, j=interpreted, Vv=VM code)
J  org.lwjgl.opengl.LinuxContextImplementation.nSwapBuffers(Ljava/nio/ByteBuffer;)V
J  org.lwjgl.opengl.Display.update()V
J  window.Window.main([Ljava/lang/String;)V
v  ~StubRoutines::call_stub

---------------  P R O C E S S  ---------------

Java Threads: ( => current thread )
  0x00007fac1c2fc000 JavaThread "AWT-XAWT" daemon [_thread_blocked, id=4235, stack(0x00007fac1a25d000,0x00007fac1a35e000)]
  0x00007fac1c11c000 JavaThread "Java2D Disposer" daemon [_thread_blocked, id=4234, stack(0x00007fac1a874000,0x00007fac1a975000)]
  0x00007fac1c001800 JavaThread "Low Memory Detector" daemon [_thread_blocked, id=4232, stack(0x00007fac20959000,0x00007fac20a5a000)]
  0x0000000002300800 JavaThread "CompilerThread1" daemon [_thread_blocked, id=4231, stack(0x00007fac20a5a000,0x00007fac20b5b000)]
  0x00000000022fd000 JavaThread "CompilerThread0" daemon [_thread_blocked, id=4230, stack(0x00007fac20b5b000,0x00007fac20c5c000)]
  0x00000000022fb000 JavaThread "Signal Dispatcher" daemon [_thread_blocked, id=4229, stack(0x00007fac20c5c000,0x00007fac20d5d000)]
  0x00000000022dc000 JavaThread "Finalizer" daemon [_thread_blocked, id=4228, stack(0x00007fac20f10000,0x00007fac21011000)]
  0x00000000022d4800 JavaThread "Reference Handler" daemon [_thread_blocked, id=4227, stack(0x00007fac21011000,0x00007fac21112000)]
=>0x000000000225e000 JavaThread "main" [_thread_in_native, id=4216, stack(0x00007facaf2b4000,0x00007facaf3b5000)]

Other Threads:
  0x00000000022ce000 VMThread [stack: 0x00007fac21112000,0x00007fac21213000] [id=4226]
  0x00007fac1c00c800 WatcherThread [stack: 0x00007fac20858000,0x00007fac20959000] [id=4233]

VM state:not at safepoint (normal execution)

VM Mutex/Monitor currently owned by a thread: None

Heap
 PSYoungGen      total 37184K, used 11910K [0x00007fac802c0000, 0x00007fac82c30000, 0x00007faca9a10000)
  eden space 31936K, 37% used [0x00007fac802c0000,0x00007fac80e61be8,0x00007fac821f0000)
  from space 5248K, 0% used [0x00007fac82710000,0x00007fac82710000,0x00007fac82c30000)
  to   space 5248K, 0% used [0x00007fac821f0000,0x00007fac821f0000,0x00007fac82710000)
 PSOldGen        total 84864K, used 0K [0x00007fac2d410000, 0x00007fac326f0000, 0x00007fac802c0000)
  object space 84864K, 0% used [0x00007fac2d410000,0x00007fac2d410000,0x00007fac326f0000)
 PSPermGen       total 21248K, used 10930K [0x00007fac22c10000, 0x00007fac240d0000, 0x00007fac2d410000)
  object space 21248K, 51% used [0x00007fac22c10000,0x00007fac236bcb08,0x00007fac240d0000)

Dynamic libraries:
00400000-00409000 r-xp 00000000 00:10 234111                             /usr/lib/jvm/java-6-openjdk/bin/java
00608000-00609000 rw-p 00008000 00:10 234111                             /usr/lib/jvm/java-6-openjdk/bin/java
02256000-02d3c000 rw-p 00000000 00:00 0                                  [heap]
7fac16a09000-7fac16b09000 rw-s 01a08000 00:05 7035                       /dev/ati/card0
7fac16b09000-7fac16c09000 rw-s 01a06000 00:05 7035                       /dev/ati/card0
7fac16c09000-7fac16e09000 rw-s 01a04000 00:05 7035                       /dev/ati/card0
7fac16e09000-7fac16e0b000 r-xp 00000000 00:10 41268                      /usr/lib/libXinerama.so.1.0.0
7fac16e0b000-7fac1700a000 ---p 00002000 00:10 41268                      /usr/lib/libXinerama.so.1.0.0
7fac1700a000-7fac1700b000 rw-p 00001000 00:10 41268                      /usr/lib/libXinerama.so.1.0.0
7fac1700b000-7fac1703c000 r-xp 00000000 00:10 163867                     /usr/lib/libatiadlxx.so
7fac1703c000-7fac1713b000 ---p 00031000 00:10 163867                     /usr/lib/libatiadlxx.so
7fac1713b000-7fac17142000 rw-p 00030000 00:10 163867                     /usr/lib/libatiadlxx.so
7fac1716b000-7fac1786b000 rw-s 00006000 00:05 7035                       /dev/ati/card0
7fac1786b000-7fac191dd000 r-xp 00000000 00:10 163886                     /usr/lib/xorg/modules/dri/fglrx_dri.so
7fac191dd000-7fac192dd000 ---p 01972000 00:10 163886                     /usr/lib/xorg/modules/dri/fglrx_dri.so
7fac192dd000-7fac193f2000 rwxp 01972000 00:10 163886                     /usr/lib/xorg/modules/dri/fglrx_dri.so
7fac193f2000-7fac194d3000 rwxp 00000000 00:00 0 
7fac194d3000-7fac194da000 r-xp 00000000 00:10 163877                     /usr/lib/libatiuki.so.1.0
7fac194da000-7fac195da000 ---p 00007000 00:10 163877                     /usr/lib/libatiuki.so.1.0
7fac195da000-7fac195db000 rw-p 00007000 00:10 163877                     /usr/lib/libatiuki.so.1.0
7fac195db000-7fac195dc000 rw-p 00000000 00:00 0 
7fac195dc000-7fac1968a000 r-xp 00000000 00:10 163870                     /usr/lib/libGL.so.1.2
7fac1968a000-7fac1978a000 ---p 000ae000 00:10 163870                     /usr/lib/libGL.so.1.2
7fac1978a000-7fac197ae000 rwxp 000ae000 00:10 163870                     /usr/lib/libGL.so.1.2
7fac197ae000-7fac197b5000 rwxp 00000000 00:00 0 
7fac197b5000-7fac197b8000 ---p 00000000 00:00 0 
7fac197b8000-7fac198b6000 rw-p 00000000 00:00 0 
7fac198b6000-7fac198b7000 r-xp 00000000 00:10 233599                     /usr/lib/jvm/java-6-openjdk/jre/lib/amd64/libjawt.so
7fac198b7000-7fac19ab6000 ---p 00001000 00:10 233599                     /usr/lib/jvm/java-6-openjdk/jre/lib/amd64/libjawt.so
7fac19ab6000-7fac19ab7000 rw-p 00000000 00:10 233599                     /usr/lib/jvm/java-6-openjdk/jre/lib/amd64/libjawt.so
7fac19ab7000-7fac19abc000 r-xp 00000000 00:10 72375                      /usr/lib/libXxf86vm.so.1.0.0
7fac19abc000-7fac19cbb000 ---p 00005000 00:10 72375                      /usr/lib/libXxf86vm.so.1.0.0
7fac19cbb000-7fac19cbc000 rw-p 00004000 00:10 72375                      /usr/lib/libXxf86vm.so.1.0.0
7fac19cbc000-7fac19ce4000 rw-p 00000000 00:00 0 
7fac19dda000-7fac19de2000 r-xp 00000000 00:10 41299                      /usr/lib/libXrandr.so.2.2.0
7fac19de2000-7fac19fe1000 ---p 00008000 00:10 41299                      /usr/lib/libXrandr.so.2.2.0
7fac19fe1000-7fac19fe2000 rw-p 00007000 00:10 41299                      /usr/lib/libXrandr.so.2.2.0
7fac19fe2000-7fac1a05b000 r-xp 00000000 00:14 157027                     /home/rnolan/workspace/jge3d_temp/lib/native/liblwjgl64.so
7fac1a05b000-7fac1a25a000 ---p 00079000 00:14 157027                     /home/rnolan/workspace/jge3d_temp/lib/native/liblwjgl64.so
7fac1a25a000-7fac1a25c000 r--p 00078000 00:14 157027                     /home/rnolan/workspace/jge3d_temp/lib/native/liblwjgl64.so
7fac1a25c000-7fac1a25d000 rw-p 0007a000 00:14 157027                     /home/rnolan/workspace/jge3d_temp/lib/native/liblwjgl64.so
7fac1a25d000-7fac1a260000 ---p 00000000 00:00 0 
7fac1a260000-7fac1a35e000 rw-p 00000000 00:00 0 
7fac1a35e000-7fac1a3bb000 r--s 00000000 00:10 238314                     /var/cache/fontconfig/17090aa38d5c6f09fb8c5c354938f1d7-le64.cache-3
7fac1a3bb000-7fac1a418000 r--s 00000000 00:10 238311                     /var/cache/fontconfig/df311e82a1a24c41a75c2c930223552e-le64.cache-3
7fac1a43c000-7fac1a441000 r-xp 00000000 00:10 41115                      /usr/lib/libXfixes.so.3.1.0
7fac1a441000-7fac1a640000 ---p 00005000 00:10 41115                      /usr/lib/libXfixes.so.3.1.0
7fac1a640000-7fac1a641000 rw-p 00004000 00:10 41115                      /usr/lib/libXfixes.so.3.1.0
7fac1a641000-7fac1a64a000 r-xp 00000000 00:10 41123                      /usr/lib/libXcursor.so.1.0.2
7fac1a64a000-7fac1a84a000 ---p 00009000 00:10 41123                      /usr/lib/libXcursor.so.1.0.2
7fac1a84a000-7fac1a84b000 rw-p 00009000 00:10 41123                      /usr/lib/libXcursor.so.1.0.2
7fac1a874000-7fac1a877000 ---p 00000000 00:00 0 
7fac1a877000-7fac1a975000 rw-p 00000000 00:00 0 
7fac1a975000-7fac1a98a000 r-xp 00000000 00:10 14915                      /usr/lib/libgcc_s.so.1
7fac1a98a000-7fac1ab8a000 ---p 00015000 00:10 14915                      /usr/lib/libgcc_s.so.1
7fac1ab8a000-7fac1ab8b000 rw-p 00015000 00:10 14915                      /usr/lib/libgcc_s.so.1
7fac1ab8b000-7fac1ac1f000 r-xp 00000000 00:10 40196                      /usr/lib/libfreetype.so.6.6.1
7fac1ac1f000-7fac1ae1e000 ---p 00094000 00:10 40196                      /usr/lib/libfreetype.so.6.6.1
7fac1ae1e000-7fac1ae24000 rw-p 00093000 00:10 40196                      /usr/lib/libfreetype.so.6.6.1
7fac1ae24000-7fac1ae6c000 r-xp 00000000 00:10 233586                     /usr/lib/jvm/java-6-openjdk/jre/lib/amd64/libfontmanager.so
7fac1ae6c000-7fac1b06b000 ---p 00048000 00:10 233586                     /usr/lib/jvm/java-6-openjdk/jre/lib/amd64/libfontmanager.so
7fac1b06b000-7fac1b06e000 rw-p 00047000 00:10 233586                     /usr/lib/jvm/java-6-openjdk/jre/lib/amd64/libfontmanager.so
7fac1b06e000-7fac1b081000 rw-p 00000000 00:00 0 
7fac1b081000-7fac1b086000 r-xp 00000000 00:10 38298                      /usr/lib/libXdmcp.so.6.0.0
7fac1b086000-7fac1b285000 ---p 00005000 00:10 38298                      /usr/lib/libXdmcp.so.6.0.0
7fac1b285000-7fac1b286000 rw-p 00004000 00:10 38298                      /usr/lib/libXdmcp.so.6.0.0
7fac1b286000-7fac1b288000 r-xp 00000000 00:10 38319                      /usr/lib/libXau.so.6.0.0
7fac1b288000-7fac1b487000 ---p 00002000 00:10 38319                      /usr/lib/libXau.so.6.0.0
7fac1b487000-7fac1b488000 rw-p 00001000 00:10 38319                      /usr/lib/libXau.so.6.0.0
7fac1b488000-7fac1b4a3000 r-xp 00000000 00:10 38344                      /usr/lib/libxcb.so.1.1.0
7fac1b4a3000-7fac1b6a2000 ---p 0001b000 00:10 38344                      /usr/lib/libxcb.so.1.1.0
7fac1b6a2000-7fac1b6a3000 rw-p 0001a000 00:10 38344                      /usr/lib/libxcb.so.1.1.0
7fac1b6a3000-7fac1b6b2000 r-xp 00000000 00:10 41339                      /usr/lib/libXi.so.6.1.0
7fac1b6b2000-7fac1b8b1000 ---p 0000f000 00:10 41339                      /usr/lib/libXi.so.6.1.0
7fac1b8b1000-7fac1b8b2000 rw-p 0000e000 00:10 41339                      /usr/lib/libXi.so.6.1.0
7fac1b8b2000-7fac1b8b7000 r-xp 00000000 00:10 69622                      /usr/lib/libXtst.so.6.1.0
7fac1b8b7000-7fac1bab7000 ---p 00005000 00:10 69622                      /usr/lib/libXtst.so.6.1.0
7fac1bab7000-7fac1bab8000 rw-p 00005000 00:10 69622                      /usr/lib/libXtst.so.6.1.0
7fac1bab8000-7fac1bac1000 r-xp 00000000 00:10 40159                      /usr/lib/libXrender.so.1.3.0
7fac1bac1000-7fac1bcc1000 ---p 00009000 00:10 40159                      /usr/lib/libXrender.so.1.3.0
7fac1bcc1000-7fac1bcc2000 rw-p 00009000 00:10 40159                      /usr/lib/libXrender.so.1.3.0
7fac1bcc2000-7fac1bdfb000 r-xp 00000000 00:10 38499                      /usr/lib/libX11.so.6.3.0
7fac1bdfb000-7fac1bffa000 ---p 00139000 00:10 38499                      /usr/lib/libX11.so.6.3.0
7fac1bffa000-7fac1c000000 rw-p 00138000 00:10 38499                      /usr/lib/libX11.so.6.3.0
7fac1c000000-7fac1d0cd000 rw-p 00000000 00:00 0 
7fac1d0cd000-7fac20000000 ---p 00000000 00:00 0 
7fac2000f000-7fac20012000 r--s 00077000 00:10 233623                     /usr/lib/jvm/java-6-openjdk/jre/lib/ext/localedata.jar
7fac20012000-7fac20022000 rw-s fbef0000 00:05 7035                       /dev/ati/card0
7fac20022000-7fac2007f000 r--s 00000000 00:10 238314                     /var/cache/fontconfig/17090aa38d5c6f09fb8c5c354938f1d7-le64.cache-3
7fac2007f000-7fac200dc000 r--s 00000000 00:10 238311                     /var/cache/fontconfig/df311e82a1a24c41a75c2c930223552e-le64.cache-3
7fac200dc000-7fac200ed000 r-xp 00000000 00:10 41168                      /usr/lib/libXext.so.6.4.0
7fac200ed000-7fac202ed000 ---p 00011000 00:10 41168                      /usr/lib/libXext.so.6.4.0
7fac202ed000-7fac202ee000 rw-p 00011000 00:10 41168                      /usr/lib/libXext.so.6.4.0
7fac202ef000-7fac202f1000 r--s 0002e000 00:14 157011                     /home/rnolan/workspace/jge3d_temp/lib/jar_src/vecmath.zip
7fac202f1000-7fac202fb000 r--s 00093000 00:14 157003                     /home/rnolan/workspace/jge3d_temp/lib/jar/slick.jar
7fac202fb000-7fac20301000 r--s 000fc000 00:10 233542                     /usr/lib/jvm/java-6-openjdk/jre/lib/resources.jar
7fac20301000-7fac20317000 r--s 00000000 00:10 238324                     /var/cache/fontconfig/8d4af663993b81a124ee82e610bb31f9-le64.cache-3
7fac20317000-7fac20363000 r-xp 00000000 00:10 233617                     /usr/lib/jvm/java-6-openjdk/jre/lib/amd64/xawt/libmawt.so
7fac20363000-7fac20562000 ---p 0004c000 00:10 233617                     /usr/lib/jvm/java-6-openjdk/jre/lib/amd64/xawt/libmawt.so
7fac20562000-7fac20566000 rw-p 0004b000 00:10 233617                     /usr/lib/jvm/java-6-openjdk/jre/lib/amd64/xawt/libmawt.so
7fac20566000-7fac20567000 rw-p 00000000 00:00 0 
7fac20567000-7fac2060a000 r-xp 00000000 00:10 233610                     /usr/lib/jvm/java-6-openjdk/jre/lib/amd64/libawt.so
7fac2060a000-7fac20809000 ---p 000a3000 00:10 233610                     /usr/lib/jvm/java-6-openjdk/jre/lib/amd64/libawt.so
7fac20809000-7fac20815000 rw-p 000a2000 00:10 233610                     /usr/lib/jvm/java-6-openjdk/jre/lib/amd64/libawt.so
7fac20815000-7fac20839000 rw-p 00000000 00:00 0 
7fac20839000-7fac2083d000 r--s 0007c000 00:10 233533                     /usr/lib/jvm/java-6-openjdk/jre/lib/jsse.jar
7fac2083d000-7fac20849000 r--s 00099000 00:14 156994                     /home/rnolan/workspace/jge3d_temp/lib/jar/TWL.jar
7fac20849000-7fac2084c000 r--s 0001d000 00:14 157000                     /home/rnolan/workspace/jge3d_temp/lib/jar/lwjgl_util.jar
7fac2084c000-7fac20858000 r--s 000c8000 00:14 156998                     /home/rnolan/workspace/jge3d_temp/lib/jar/lwjgl.jar
7fac20858000-7fac20859000 ---p 00000000 00:00 0 
7fac20859000-7fac20959000 rw-p 00000000 00:00 0 
7fac20959000-7fac2095c000 ---p 00000000 00:00 0 
7fac2095c000-7fac20a5a000 rw-p 00000000 00:00 0 
7fac20a5a000-7fac20a5d000 ---p 00000000 00:00 0 
7fac20a5d000-7fac20b5b000 rw-p 00000000 00:00 0 
7fac20b5b000-7fac20b5e000 ---p 00000000 00:00 0 
7fac20b5e000-7fac20c5c000 rw-p 00000000 00:00 0 
7fac20c5c000-7fac20c5f000 ---p 00000000 00:00 0 
7fac20c5f000-7fac20d5d000 rw-p 00000000 00:00 0 
7fac20d5d000-7fac20f10000 r--p 00000000 00:10 171485                     /usr/lib/locale/locale-archive
7fac20f10000-7fac20f13000 ---p 00000000 00:00 0 
7fac20f13000-7fac21011000 rw-p 00000000 00:00 0 
7fac21011000-7fac21014000 ---p 00000000 00:00 0 
7fac21014000-7fac21112000 rw-p 00000000 00:00 0 
7fac21112000-7fac21113000 ---p 00000000 00:00 0 
7fac21113000-7fac21b1c000 rw-p 00000000 00:00 0 
7fac21b1c000-7fac21b1e000 r--s 0001d000 00:10 233540                     /usr/lib/jvm/java-6-openjdk/jre/lib/plugin.jar
7fac21b1e000-7fac21b23000 r--s 00044000 00:10 233549                     /usr/lib/jvm/java-6-openjdk/jre/lib/netx.jar
7fac21b23000-7fac21b55000 rw-p 00000000 00:00 0 
7fac21b55000-7fac21ce4000 r--s 038ae000 00:10 233547                     /usr/lib/jvm/java-6-openjdk/jre/lib/rt.jar
7fac21ce4000-7fac21ce5000 ---p 00000000 00:00 0 
7fac21ce5000-7fac21de5000 rw-p 00000000 00:00 0 
7fac21de5000-7fac21de6000 ---p 00000000 00:00 0 
7fac21de6000-7fac21ee6000 rw-p 00000000 00:00 0 
7fac21ee6000-7fac21ee7000 ---p 00000000 00:00 0 
7fac21ee7000-7fac21fe7000 rw-p 00000000 00:00 0 
7fac21fe7000-7fac21fe8000 ---p 00000000 00:00 0 
7fac21fe8000-7fac220e8000 rw-p 00000000 00:00 0 
7fac220e8000-7fac220e9000 ---p 00000000 00:00 0 
7fac220e9000-7fac221e9000 rw-p 00000000 00:00 0 
7fac221e9000-7fac221ea000 ---p 00000000 00:00 0 
7fac221ea000-7fac222ea000 rw-p 00000000 00:00 0 
7fac222ea000-7fac222eb000 ---p 00000000 00:00 0 
7fac222eb000-7fac223eb000 rw-p 00000000 00:00 0 
7fac223eb000-7fac223ec000 ---p 00000000 00:00 0 
7fac223ec000-7fac224f7000 rw-p 00000000 00:00 0 
7fac224f7000-7fac22540000 rw-p 00000000 00:00 0 
7fac22540000-7fac2256a000 rw-p 00000000 00:00 0 
7fac2256a000-7fac227d8000 rw-p 00000000 00:00 0 
7fac227d8000-7fac227e3000 rw-p 00000000 00:00 0 
7fac227e3000-7fac2282c000 rw-p 00000000 00:00 0 
7fac2282c000-7fac22856000 rw-p 00000000 00:00 0 
7fac22856000-7fac22ac3000 rw-p 00000000 00:00 0 
7fac22ac3000-7fac22ad9000 rw-p 00000000 00:00 0 
7fac22ad9000-7fac22c0f000 rw-p 00000000 00:00 0 
7fac22c0f000-7fac240d0000 rw-p 00000000 00:00 0 
7fac240d0000-7fac2d410000 rw-p 00000000 00:00 0 
7fac2d410000-7fac326f0000 rw-p 00000000 00:00 0 
7fac326f0000-7fac802c0000 rw-p 00000000 00:00 0 
7fac802c0000-7fac82c30000 rw-p 00000000 00:00 0 
7fac82c30000-7faca9a10000 rw-p 00000000 00:00 0 
7faca9a11000-7faca9a1a000 r--s 00079000 00:14 156995                     /home/rnolan/workspace/jge3d_temp/lib/jar/jbullet.jar
7faca9a1a000-7faca9a1c000 r--s 00001000 00:10 233619                     /usr/lib/jvm/java-6-openjdk/jre/lib/ext/dnsns.jar
7faca9a1c000-7faca9c8c000 rwxp 00000000 00:00 0 
7faca9c8c000-7facaca1c000 rw-p 00000000 00:00 0 
7facaca1c000-7facaca23000 r-xp 00000000 00:10 233588                     /usr/lib/jvm/java-6-openjdk/jre/lib/amd64/libzip.so
7facaca23000-7facacc22000 ---p 00007000 00:10 233588                     /usr/lib/jvm/java-6-openjdk/jre/lib/amd64/libzip.so
7facacc22000-7facacc23000 rw-p 00006000 00:10 233588                     /usr/lib/jvm/java-6-openjdk/jre/lib/amd64/libzip.so
7facacc23000-7facacc2f000 r-xp 00000000 00:10 170163                     /lib/libnss_files-2.12.1.so
7facacc2f000-7facace2e000 ---p 0000c000 00:10 170163                     /lib/libnss_files-2.12.1.so
7facace2e000-7facace2f000 r--p 0000b000 00:10 170163                     /lib/libnss_files-2.12.1.so
7facace2f000-7facace30000 rw-p 0000c000 00:10 170163                     /lib/libnss_files-2.12.1.so
7facace30000-7facace38000 r-xp 00000000 00:10 233616                     /usr/lib/jvm/java-6-openjdk/jre/lib/amd64/native_threads/libhpi.so
7facace38000-7facad037000 ---p 00008000 00:10 233616                     /usr/lib/jvm/java-6-openjdk/jre/lib/amd64/native_threads/libhpi.so
7facad037000-7facad039000 rw-p 00007000 00:10 233616                     /usr/lib/jvm/java-6-openjdk/jre/lib/amd64/native_threads/libhpi.so
7facad039000-7facad04e000 r-xp 00000000 00:10 170144                     /lib/libnsl-2.12.1.so
7facad04e000-7facad24d000 ---p 00015000 00:10 170144                     /lib/libnsl-2.12.1.so
7facad24d000-7facad24e000 r--p 00014000 00:10 170144                     /lib/libnsl-2.12.1.so
7facad24e000-7facad24f000 rw-p 00015000 00:10 170144                     /lib/libnsl-2.12.1.so
7facad24f000-7facad251000 rw-p 00000000 00:00 0 
7facad251000-7facad27e000 r-xp 00000000 00:10 233598                     /usr/lib/jvm/java-6-openjdk/jre/lib/amd64/libjava.so
7facad27e000-7facad47e000 ---p 0002d000 00:10 233598                     /usr/lib/jvm/java-6-openjdk/jre/lib/amd64/libjava.so
7facad47e000-7facad482000 rw-p 0002d000 00:10 233598                     /usr/lib/jvm/java-6-openjdk/jre/lib/amd64/libjava.so
7facad482000-7facad490000 r-xp 00000000 00:10 233584                     /usr/lib/jvm/java-6-openjdk/jre/lib/amd64/libverify.so
7facad490000-7facad68f000 ---p 0000e000 00:10 233584                     /usr/lib/jvm/java-6-openjdk/jre/lib/amd64/libverify.so
7facad68f000-7facad691000 rw-p 0000d000 00:10 233584                     /usr/lib/jvm/java-6-openjdk/jre/lib/amd64/libverify.so
7facad691000-7facad698000 r-xp 00000000 00:10 170146                     /lib/librt-2.12.1.so
7facad698000-7facad897000 ---p 00007000 00:10 170146                     /lib/librt-2.12.1.so
7facad897000-7facad898000 r--p 00006000 00:10 170146                     /lib/librt-2.12.1.so
7facad898000-7facad899000 rw-p 00007000 00:10 170146                     /lib/librt-2.12.1.so
7facad899000-7facad91a000 r-xp 00000000 00:10 170174                     /lib/libm-2.12.1.so
7facad91a000-7facadb19000 ---p 00081000 00:10 170174                     /lib/libm-2.12.1.so
7facadb19000-7facadb1a000 r--p 00080000 00:10 170174                     /lib/libm-2.12.1.so
7facadb1a000-7facadb1b000 rw-p 00081000 00:10 170174                     /lib/libm-2.12.1.so
7facadb1b000-7facae362000 r-xp 00000000 00:10 233613                     /usr/lib/jvm/java-6-openjdk/jre/lib/amd64/server/libjvm.so
7facae362000-7facae562000 ---p 00847000 00:10 233613                     /usr/lib/jvm/java-6-openjdk/jre/lib/amd64/server/libjvm.so
7facae562000-7facae5f2000 rw-p 00847000 00:10 233613                     /usr/lib/jvm/java-6-openjdk/jre/lib/amd64/server/libjvm.so
7facae5f2000-7facae62d000 rw-p 00000000 00:00 0 
7facae62d000-7facae780000 r-xp 00000000 00:10 170157                     /lib/libc-2.12.1.so
7facae780000-7facae980000 ---p 00153000 00:10 170157                     /lib/libc-2.12.1.so
7facae980000-7facae984000 r--p 00153000 00:10 170157                     /lib/libc-2.12.1.so
7facae984000-7facae985000 rw-p 00157000 00:10 170157                     /lib/libc-2.12.1.so
7facae985000-7facae98a000 rw-p 00000000 00:00 0 
7facae98a000-7facae98c000 r-xp 00000000 00:10 170167                     /lib/libdl-2.12.1.so
7facae98c000-7facaeb8c000 ---p 00002000 00:10 170167                     /lib/libdl-2.12.1.so
7facaeb8c000-7facaeb8d000 r--p 00002000 00:10 170167                     /lib/libdl-2.12.1.so
7facaeb8d000-7facaeb8e000 rw-p 00003000 00:10 170167                     /lib/libdl-2.12.1.so
7facaeb8e000-7facaeb92000 r-xp 00000000 00:10 233618                     /usr/lib/jvm/java-6-openjdk/jre/lib/amd64/jli/libjli.so
7facaeb92000-7facaed91000 ---p 00004000 00:10 233618                     /usr/lib/jvm/java-6-openjdk/jre/lib/amd64/jli/libjli.so
7facaed91000-7facaed92000 rw-p 00003000 00:10 233618                     /usr/lib/jvm/java-6-openjdk/jre/lib/amd64/jli/libjli.so
7facaed92000-7facaeda9000 r-xp 00000000 00:10 170152                     /lib/libpthread-2.12.1.so
7facaeda9000-7facaefa9000 ---p 00017000 00:10 170152                     /lib/libpthread-2.12.1.so
7facaefa9000-7facaefaa000 r--p 00017000 00:10 170152                     /lib/libpthread-2.12.1.so
7facaefaa000-7facaefab000 rw-p 00018000 00:10 170152                     /lib/libpthread-2.12.1.so
7facaefab000-7facaefaf000 rw-p 00000000 00:00 0 
7facaefaf000-7facaefc7000 r-xp 00000000 00:10 14977                      /usr/lib/libz.so.1.2.5
7facaefc7000-7facaf1c6000 ---p 00018000 00:10 14977                      /usr/lib/libz.so.1.2.5
7facaf1c6000-7facaf1c7000 rw-p 00017000 00:10 14977                      /usr/lib/libz.so.1.2.5
7facaf1c7000-7facaf1e5000 r-xp 00000000 00:10 170162                     /lib/ld-2.12.1.so
7facaf1e5000-7facaf1e8000 r--s 0001b000 00:14 157005                     /home/rnolan/workspace/jge3d_temp/lib/jar/xpp3-1.1.4c.jar
7facaf1e8000-7facaf1e9000 rw-s 00005000 00:05 7035                       /dev/ati/card0
7facaf1e9000-7facaf1eb000 rw-s 00002000 00:05 7035                       /dev/ati/card0
7facaf1eb000-7facaf1f4000 r--s 00000000 00:10 238316                     /var/cache/fontconfig/d62e99ef547d1d24cdb1bd22ec1a2976-le64.cache-3
7facaf1f4000-7facaf1fe000 rw-p 00000000 00:00 0 
7facaf1fe000-7facaf2b4000 rw-p 00000000 00:00 0 
7facaf2b4000-7facaf2b7000 ---p 00000000 00:00 0 
7facaf2b7000-7facaf3ba000 rw-p 00000000 00:00 0 
7facaf3ba000-7facaf3d0000 r--s 00000000 00:10 238324                     /var/cache/fontconfig/8d4af663993b81a124ee82e610bb31f9-le64.cache-3
7facaf3d0000-7facaf3d9000 r--s 00000000 00:10 238316                     /var/cache/fontconfig/d62e99ef547d1d24cdb1bd22ec1a2976-le64.cache-3
7facaf3d9000-7facaf3e1000 rw-s 00000000 00:10 294412                     /tmp/hsperfdata_rnolan/4211
7facaf3e1000-7facaf3e2000 rw-p 00000000 00:00 0 
7facaf3e2000-7facaf3e3000 r--p 00000000 00:00 0 
7facaf3e3000-7facaf3e4000 rw-p 00000000 00:00 0 
7facaf3e4000-7facaf3e5000 r--p 0001d000 00:10 170162                     /lib/ld-2.12.1.so
7facaf3e5000-7facaf3e6000 rw-p 0001e000 00:10 170162                     /lib/ld-2.12.1.so
7facaf3e6000-7facaf3e7000 rw-p 00000000 00:00 0 
7fffe34eb000-7fffe350c000 rw-p 00000000 00:00 0                          [stack]
7fffe354a000-7fffe354b000 r-xp 00000000 00:00 0                          [vdso]
ffffffffff600000-ffffffffff601000 r-xp 00000000 00:00 0                  [vsyscall]

VM Arguments:
jvm_args: -Djava.library.path=/home/rnolan/workspace/jge3d_temp/lib/native:/home/rnolan/workspace/jge3d_temp/lib/native -Dfile.encoding=UTF-8 
java_command: window.Window
Launcher Type: SUN_STANDARD

Environment Variables:
JAVA_HOME=/usr/lib/jvm/java-6-openjdk
PATH=/bin:/usr/bin:/sbin:/usr/sbin:/opt/kde/bin:/usr/lib/perl5/core_perl/bin:/opt/qt/bin
USERNAME=rnolan
LD_LIBRARY_PATH=/usr/lib/jvm/java-6-openjdk/jre/lib/amd64/server:/usr/lib/jvm/java-6-openjdk/jre/lib/amd64:/usr/lib/jvm/java-6-openjdk/jre/../lib/amd64
SHELL=/bin/bash
DISPLAY=:0.0

Signal Handlers:
SIGSEGV: [libjvm.so+0x6d4520], sa_mask[0]=0x7ffbfeff, sa_flags=0x10000004
SIGBUS: [libjvm.so+0x6d4520], sa_mask[0]=0x7ffbfeff, sa_flags=0x10000004
SIGFPE: [libjvm.so+0x594520], sa_mask[0]=0x7ffbfeff, sa_flags=0x10000004
SIGPIPE: [libjvm.so+0x594520], sa_mask[0]=0x7ffbfeff, sa_flags=0x10000004
SIGXFSZ: [libjvm.so+0x594520], sa_mask[0]=0x7ffbfeff, sa_flags=0x10000004
SIGILL: [libjvm.so+0x594520], sa_mask[0]=0x7ffbfeff, sa_flags=0x10000004
SIGUSR1: SIG_DFL, sa_mask[0]=0x00000000, sa_flags=0x00000000
SIGUSR2: [libjvm.so+0x5945f0], sa_mask[0]=0x00000004, sa_flags=0x10000004
SIGHUP: [libjvm.so+0x596d10], sa_mask[0]=0x7ffbfeff, sa_flags=0x10000004
SIGINT: [libjvm.so+0x596d10], sa_mask[0]=0x7ffbfeff, sa_flags=0x10000004
SIGTERM: [libjvm.so+0x596d10], sa_mask[0]=0x7ffbfeff, sa_flags=0x10000004
SIGQUIT: [libjvm.so+0x596d10], sa_mask[0]=0x7ffbfeff, sa_flags=0x10000004


---------------  S Y S T E M  ---------------

OS:Linux
uname:Linux 2.6.36-ARCH #1 SMP PREEMPT Wed Nov 24 00:39:57 CET 2010 x86_64
libc:glibc 2.12.1 NPTL 2.12.1 
rlimit: STACK 8192k, CORE 0k, NPROC 63604, NOFILE 1024, AS infinity
load average:0.46 0.60 0.47

CPU:total 8 (8 cores per cpu, 2 threads per core) family 6 model 30 stepping 5, cmov, cx8, fxsr, mmx, sse, sse2, sse3, ssse3, sse4.1, sse4.2, popcnt, ht

Memory: 4k page, physical 8144752k(6598600k free), swap 3906044k(3906044k free)

vm_info: OpenJDK 64-Bit Server VM (17.0-b16) for linux-amd64 JRE (1.6.0_20-b20), built on Dec  2 2010 11:57:50 by "nobody" with gcc 4.5.1 20101125 (prerelease)

time: Mon Dec  6 17:01:36 2010
elapsed time: 227 seconds

