#
# A fatal error has been detected by the Java Runtime Environment:
#
#  SIGSEGV (0xb) at pc=0x00007f123cd6fc58, pid=11015, tid=139718712301312
#
# JRE version: 6.0_20-b20
# Java VM: OpenJDK 64-Bit Server VM (17.0-b16 mixed mode linux-amd64 )
# Derivative: IcedTea6 1.9.3
# Distribution: Custom build (Thu Dec  2 11:51:14 UTC 2010)
# Problematic frame:
# C  [libX11.so.6+0x39c58]  XQueryExtension+0x28
#
# If you would like to submit a bug report, please include
# instructions how to reproduce the bug and visit:
#   http://icedtea.classpath.org/bugzilla
#

---------------  T H R E A D  ---------------

Current thread is native thread

siginfo:si_signo=SIGSEGV: si_errno=0, si_code=1 (SEGV_MAPERR), si_addr=0x00000000381a1e28

Registers:
RAX=0x00007fff997ab030, RBX=0x00000000381a14c0, RCX=0x00007fff997ab038, RDX=0x00007fff997ab034
RSP=0x00007fff997aafc0, RBP=0x00007f12366ffd70, RSI=0x00007f12366ffd70, RDI=0x00000000381a14c0
R8 =0x00007fff997ab03c, R9 =0x0000000000000000, R10=0x00007f12cb9429e8, R11=0x00007f12cb61d470
R12=0x00007fff997ab034, R13=0x0000000001d145f0, R14=0x0000000001d145f0, R15=0x0000000000000000
RIP=0x00007f123cd6fc58, EFL=0x0000000000010206, CSGSFS=0x0000000000000033, ERR=0x0000000000000004
  TRAPNO=0x000000000000000e

Top of Stack: (sp=0x00007fff997aafc0)
0x00007fff997aafc0:   00007f1236555860 0000000000000000
0x00007fff997aafd0:   0000000000000020 00007f1235f30cf9
0x00007fff997aafe0:   00007f12cb5f64a8 00000000381a14c0
0x00007fff997aaff0:   00007f12366ffd70 0000000000000011
0x00007fff997ab000:   0000000001d145f0 0000000001d145f0
0x00007fff997ab010:   0000000000000000 00007f123cd63464
0x00007fff997ab020:   0000000000000000 00007f12cb65df70
0x00007fff997ab030:   00007f1238192530 00007f1236832ca0
0x00007fff997ab040:   00007f1236832ca0 00000000381a14c0
0x00007fff997ab050:   0000000000000011 00007f123d081db2
0x00007fff997ab060:   000000000000000e 00007f12cb5f64a8
0x00007fff997ab070:   00007f12381a1460 00007f12366ffd70
0x00007fff997ab080:   00007fff997ab0f0 0000000000000000
0x00007fff997ab090:   00000000381a14c0 00007f123684a3d0
0x00007fff997ab0a0:   00007f12366ffd70 00007f1238192530
0x00007fff997ab0b0:   0000000000000012 00007f12366b1941
0x00007fff997ab0c0:   00007fff997ab0f0 0000000000000029
0x00007fff997ab0d0:   00007fff997ab0f0 0000000000000000
0x00007fff997ab0e0:   00007f12cc3a0008 00007f12366a8fb2
0x00007fff997ab0f0:   00007fff997ab2e0 00007f12366ffd01
0x00007fff997ab100:   0000000000000000 00007f12cc18feac
0x00007fff997ab110:   00007f12cc3a1148 00007f12cc3a16d8
0x00007fff997ab120:   00007f12cc3744f0 0000000001d1f190
0x00007fff997ab130:   00007f12380c4520 00007f12380c49f0
0x00007fff997ab140:   00007f12cc39e808 00007f123818ec20
0x00007fff997ab150:   00007f123818fa30 00007f1238048c10
0x00007fff997ab160:   00007f12380438a0 0000000001d165a0
0x00007fff997ab170:   0000000001d15f20 0000000001d135c0
0x00007fff997ab180:   00007f12381961a0 0000000001d14ad0
0x00007fff997ab190:   0000000001d17a40 00007f12381dd340
0x00007fff997ab1a0:   00007f1238192530 00007f12cc374000
0x00007fff997ab1b0:   00007f123825a800 00007f1238042ac0 

Instructions: (pc=0x00007f123cd6fc58)
0x00007f123cd6fc48:   89 d4 4c 89 74 24 f0 4c 89 7c 24 f8 48 83 ec 58
0x00007f123cd6fc58:   48 8b 87 68 09 00 00 49 89 f5 48 89 cd 4d 89 c6 

Stack: [0x00007fff996ae000,0x00007fff997ae000],  sp=0x00007fff997aafc0,  free space=3f30000000000000046k
Native frames: (J=compiled Java code, j=interpreted, Vv=VM code, C=native code)
C  [libX11.so.6+0x39c58]  XQueryExtension+0x28


[error occurred during error reporting (printing target Java thread stack), id 0xb]


---------------  P R O C E S S  ---------------

VM state:at safepoint (shutting down)

VM Mutex/Monitor currently owned by a thread:  ([mutex/lock_event])
[0x0000000001d18fc0] Threads_lock - owner thread: 0x0000000001d8b000

Heap
 PSYoungGen      total 37184K, used 16202K [0x00007f129d280000, 0x00007f129fbf0000, 0x00007f12c69d0000)
  eden space 31936K, 50% used [0x00007f129d280000,0x00007f129e252ae8,0x00007f129f1b0000)
  from space 5248K, 0% used [0x00007f129f6d0000,0x00007f129f6d0000,0x00007f129fbf0000)
  to   space 5248K, 0% used [0x00007f129f1b0000,0x00007f129f1b0000,0x00007f129f6d0000)
 PSOldGen        total 84864K, used 0K [0x00007f124a3d0000, 0x00007f124f6b0000, 0x00007f129d280000)
  object space 84864K, 0% used [0x00007f124a3d0000,0x00007f124a3d0000,0x00007f124f6b0000)
 PSPermGen       total 21248K, used 10996K [0x00007f123fbd0000, 0x00007f1241090000, 0x00007f124a3d0000)
  object space 21248K, 51% used [0x00007f123fbd0000,0x00007f124068d200,0x00007f1241090000)

Dynamic libraries:
00400000-00409000 r-xp 00000000 00:10 234111                             /usr/lib/jvm/java-6-openjdk/bin/java
00608000-00609000 rw-p 00008000 00:10 234111                             /usr/lib/jvm/java-6-openjdk/bin/java
01d13000-02dbe000 rw-p 00000000 00:00 0                                  [heap]
7f12338a4000-7f12338a7000 ---p 00000000 00:00 0 
7f12338a7000-7f12339a5000 rw-p 00000000 00:00 0 
7f12339a5000-7f12339a8000 ---p 00000000 00:00 0 
7f12339a8000-7f1233aa6000 rw-p 00000000 00:00 0 
7f1233aa6000-7f1233ba6000 rw-s 0d067000 00:05 6993                       /dev/ati/card0
7f1233ba6000-7f1233da6000 rw-s d5b6b000 00:05 6993                       /dev/ati/card0
7f1233da6000-7f1233ea6000 rw-s 0d060000 00:05 6993                       /dev/ati/card0
7f1233ea6000-7f1233ea8000 r-xp 00000000 00:10 41268                      /usr/lib/libXinerama.so.1.0.0
7f1233ea8000-7f12340a7000 ---p 00002000 00:10 41268                      /usr/lib/libXinerama.so.1.0.0
7f12340a7000-7f12340a8000 rw-p 00001000 00:10 41268                      /usr/lib/libXinerama.so.1.0.0
7f12340a8000-7f12340d9000 r-xp 00000000 00:10 163867                     /usr/lib/libatiadlxx.so
7f12340d9000-7f12341d8000 ---p 00031000 00:10 163867                     /usr/lib/libatiadlxx.so
7f12341d8000-7f12341df000 rw-p 00030000 00:10 163867                     /usr/lib/libatiadlxx.so
7f1234208000-7f1234908000 rw-s 05c3d000 00:05 6993                       /dev/ati/card0
7f1234908000-7f123627a000 r-xp 00000000 00:10 163886                     /usr/lib/xorg/modules/dri/fglrx_dri.so
7f123627a000-7f123637a000 ---p 01972000 00:10 163886                     /usr/lib/xorg/modules/dri/fglrx_dri.so
7f123637a000-7f123648f000 rwxp 01972000 00:10 163886                     /usr/lib/xorg/modules/dri/fglrx_dri.so
7f123648f000-7f1236570000 rwxp 00000000 00:00 0 
7f1236570000-7f1236577000 r-xp 00000000 00:10 163877                     /usr/lib/libatiuki.so.1.0
7f1236577000-7f1236677000 ---p 00007000 00:10 163877                     /usr/lib/libatiuki.so.1.0
7f1236677000-7f1236678000 rw-p 00007000 00:10 163877                     /usr/lib/libatiuki.so.1.0
7f1236678000-7f1236679000 rw-p 00000000 00:00 0 
7f1236679000-7f1236727000 r-xp 00000000 00:10 163870                     /usr/lib/libGL.so.1.2
7f1236727000-7f1236827000 ---p 000ae000 00:10 163870                     /usr/lib/libGL.so.1.2
7f1236827000-7f123684b000 rwxp 000ae000 00:10 163870                     /usr/lib/libGL.so.1.2
7f123684b000-7f1236852000 rwxp 00000000 00:00 0 
7f1236852000-7f1236855000 ---p 00000000 00:00 0 
7f1236855000-7f1236953000 rw-p 00000000 00:00 0 
7f1236953000-7f1236954000 r-xp 00000000 00:10 233599                     /usr/lib/jvm/java-6-openjdk/jre/lib/amd64/libjawt.so
7f1236954000-7f1236b53000 ---p 00001000 00:10 233599                     /usr/lib/jvm/java-6-openjdk/jre/lib/amd64/libjawt.so
7f1236b53000-7f1236b54000 rw-p 00000000 00:10 233599                     /usr/lib/jvm/java-6-openjdk/jre/lib/amd64/libjawt.so
7f1236b54000-7f1236b59000 r-xp 00000000 00:10 72375                      /usr/lib/libXxf86vm.so.1.0.0
7f1236b59000-7f1236d58000 ---p 00005000 00:10 72375                      /usr/lib/libXxf86vm.so.1.0.0
7f1236d58000-7f1236d59000 rw-p 00004000 00:10 72375                      /usr/lib/libXxf86vm.so.1.0.0
7f1236d59000-7f1236d61000 r-xp 00000000 00:10 41299                      /usr/lib/libXrandr.so.2.2.0
7f1236d61000-7f1236f60000 ---p 00008000 00:10 41299                      /usr/lib/libXrandr.so.2.2.0
7f1236f60000-7f1236f61000 rw-p 00007000 00:10 41299                      /usr/lib/libXrandr.so.2.2.0
7f1236f61000-7f1236fda000 r-xp 00000000 00:14 157027                     /home/rnolan/workspace/jge3d_temp/lib/native/liblwjgl64.so
7f1236fda000-7f12371d9000 ---p 00079000 00:14 157027                     /home/rnolan/workspace/jge3d_temp/lib/native/liblwjgl64.so
7f12371d9000-7f12371db000 r--p 00078000 00:14 157027                     /home/rnolan/workspace/jge3d_temp/lib/native/liblwjgl64.so
7f12371db000-7f12371dc000 rw-p 0007a000 00:14 157027                     /home/rnolan/workspace/jge3d_temp/lib/native/liblwjgl64.so
7f12371dc000-7f12371df000 ---p 00000000 00:00 0 
7f12371df000-7f12372dd000 rw-p 00000000 00:00 0 
7f12372dd000-7f123733a000 r--s 00000000 00:10 238314                     /var/cache/fontconfig/17090aa38d5c6f09fb8c5c354938f1d7-le64.cache-3
7f123733a000-7f1237397000 r--s 00000000 00:10 238311                     /var/cache/fontconfig/df311e82a1a24c41a75c2c930223552e-le64.cache-3
7f12373e4000-7f12373e9000 r-xp 00000000 00:10 41115                      /usr/lib/libXfixes.so.3.1.0
7f12373e9000-7f12375e8000 ---p 00005000 00:10 41115                      /usr/lib/libXfixes.so.3.1.0
7f12375e8000-7f12375e9000 rw-p 00004000 00:10 41115                      /usr/lib/libXfixes.so.3.1.0
7f12375e9000-7f12375f2000 r-xp 00000000 00:10 41123                      /usr/lib/libXcursor.so.1.0.2
7f12375f2000-7f12377f2000 ---p 00009000 00:10 41123                      /usr/lib/libXcursor.so.1.0.2
7f12377f2000-7f12377f3000 rw-p 00009000 00:10 41123                      /usr/lib/libXcursor.so.1.0.2
7f12377f3000-7f12377f6000 ---p 00000000 00:00 0 
7f12377f6000-7f12378f4000 rw-p 00000000 00:00 0 
7f12378f4000-7f1237909000 r-xp 00000000 00:10 14915                      /usr/lib/libgcc_s.so.1
7f1237909000-7f1237b09000 ---p 00015000 00:10 14915                      /usr/lib/libgcc_s.so.1
7f1237b09000-7f1237b0a000 rw-p 00015000 00:10 14915                      /usr/lib/libgcc_s.so.1
7f1237b0a000-7f1237b9e000 r-xp 00000000 00:10 40196                      /usr/lib/libfreetype.so.6.6.1
7f1237b9e000-7f1237d9d000 ---p 00094000 00:10 40196                      /usr/lib/libfreetype.so.6.6.1
7f1237d9d000-7f1237da3000 rw-p 00093000 00:10 40196                      /usr/lib/libfreetype.so.6.6.1
7f1237da3000-7f1237deb000 r-xp 00000000 00:10 233586                     /usr/lib/jvm/java-6-openjdk/jre/lib/amd64/libfontmanager.so
7f1237deb000-7f1237fea000 ---p 00048000 00:10 233586                     /usr/lib/jvm/java-6-openjdk/jre/lib/amd64/libfontmanager.so
7f1237fea000-7f1237fed000 rw-p 00047000 00:10 233586                     /usr/lib/jvm/java-6-openjdk/jre/lib/amd64/libfontmanager.so
7f1237fed000-7f1238000000 rw-p 00000000 00:00 0 
7f1238000000-7f1238ac3000 rw-p 00000000 00:00 0 
7f1238ac3000-7f123c000000 ---p 00000000 00:00 0 
7f123c021000-7f123c02b000 r--s 00093000 00:14 157003                     /home/rnolan/workspace/jge3d_temp/lib/jar/slick.jar
7f123c02b000-7f123c03b000 rw-s fbef0000 00:05 6993                       /dev/ati/card0
7f123c03b000-7f123c098000 r--s 00000000 00:10 238314                     /var/cache/fontconfig/17090aa38d5c6f09fb8c5c354938f1d7-le64.cache-3
7f123c098000-7f123c0f5000 r--s 00000000 00:10 238311                     /var/cache/fontconfig/df311e82a1a24c41a75c2c930223552e-le64.cache-3
7f123c0f5000-7f123c0fa000 r-xp 00000000 00:10 38298                      /usr/lib/libXdmcp.so.6.0.0
7f123c0fa000-7f123c2f9000 ---p 00005000 00:10 38298                      /usr/lib/libXdmcp.so.6.0.0
7f123c2f9000-7f123c2fa000 rw-p 00004000 00:10 38298                      /usr/lib/libXdmcp.so.6.0.0
7f123c2fa000-7f123c2fc000 r-xp 00000000 00:10 38319                      /usr/lib/libXau.so.6.0.0
7f123c2fc000-7f123c4fb000 ---p 00002000 00:10 38319                      /usr/lib/libXau.so.6.0.0
7f123c4fb000-7f123c4fc000 rw-p 00001000 00:10 38319                      /usr/lib/libXau.so.6.0.0
7f123c4fc000-7f123c517000 r-xp 00000000 00:10 38344                      /usr/lib/libxcb.so.1.1.0
7f123c517000-7f123c716000 ---p 0001b000 00:10 38344                      /usr/lib/libxcb.so.1.1.0
7f123c716000-7f123c717000 rw-p 0001a000 00:10 38344                      /usr/lib/libxcb.so.1.1.0
7f123c717000-7f123c726000 r-xp 00000000 00:10 41339                      /usr/lib/libXi.so.6.1.0
7f123c726000-7f123c925000 ---p 0000f000 00:10 41339                      /usr/lib/libXi.so.6.1.0
7f123c925000-7f123c926000 rw-p 0000e000 00:10 41339                      /usr/lib/libXi.so.6.1.0
7f123c926000-7f123c92b000 r-xp 00000000 00:10 69622                      /usr/lib/libXtst.so.6.1.0
7f123c92b000-7f123cb2b000 ---p 00005000 00:10 69622                      /usr/lib/libXtst.so.6.1.0
7f123cb2b000-7f123cb2c000 rw-p 00005000 00:10 69622                      /usr/lib/libXtst.so.6.1.0
7f123cb2c000-7f123cb35000 r-xp 00000000 00:10 40159                      /usr/lib/libXrender.so.1.3.0
7f123cb35000-7f123cd35000 ---p 00009000 00:10 40159                      /usr/lib/libXrender.so.1.3.0
7f123cd35000-7f123cd36000 rw-p 00009000 00:10 40159                      /usr/lib/libXrender.so.1.3.0
7f123cd36000-7f123ce6f000 r-xp 00000000 00:10 38499                      /usr/lib/libX11.so.6.3.0
7f123ce6f000-7f123d06e000 ---p 00139000 00:10 38499                      /usr/lib/libX11.so.6.3.0
7f123d06e000-7f123d074000 rw-p 00138000 00:10 38499                      /usr/lib/libX11.so.6.3.0
7f123d074000-7f123d085000 r-xp 00000000 00:10 41168                      /usr/lib/libXext.so.6.4.0
7f123d085000-7f123d285000 ---p 00011000 00:10 41168                      /usr/lib/libXext.so.6.4.0
7f123d285000-7f123d286000 rw-p 00011000 00:10 41168                      /usr/lib/libXext.so.6.4.0
7f123d28a000-7f123d293000 r--s 00079000 00:14 156995                     /home/rnolan/workspace/jge3d_temp/lib/jar/jbullet.jar
7f123d293000-7f123d299000 r--s 000fc000 00:10 233542                     /usr/lib/jvm/java-6-openjdk/jre/lib/resources.jar
7f123d299000-7f123d2af000 r--s 00000000 00:10 238324                     /var/cache/fontconfig/8d4af663993b81a124ee82e610bb31f9-le64.cache-3
7f123d2af000-7f123d2fb000 r-xp 00000000 00:10 233617                     /usr/lib/jvm/java-6-openjdk/jre/lib/amd64/xawt/libmawt.so
7f123d2fb000-7f123d4fa000 ---p 0004c000 00:10 233617                     /usr/lib/jvm/java-6-openjdk/jre/lib/amd64/xawt/libmawt.so
7f123d4fa000-7f123d4fe000 rw-p 0004b000 00:10 233617                     /usr/lib/jvm/java-6-openjdk/jre/lib/amd64/xawt/libmawt.so
7f123d4fe000-7f123d4ff000 rw-p 00000000 00:00 0 
7f123d4ff000-7f123d5a2000 r-xp 00000000 00:10 233610                     /usr/lib/jvm/java-6-openjdk/jre/lib/amd64/libawt.so
7f123d5a2000-7f123d7a1000 ---p 000a3000 00:10 233610                     /usr/lib/jvm/java-6-openjdk/jre/lib/amd64/libawt.so
7f123d7a1000-7f123d7ad000 rw-p 000a2000 00:10 233610                     /usr/lib/jvm/java-6-openjdk/jre/lib/amd64/libawt.so
7f123d7ad000-7f123d7d1000 rw-p 00000000 00:00 0 
7f123d7d1000-7f123d7d5000 r--s 0007c000 00:10 233533                     /usr/lib/jvm/java-6-openjdk/jre/lib/jsse.jar
7f123d7d5000-7f123d7e1000 r--s 00099000 00:14 156994                     /home/rnolan/workspace/jge3d_temp/lib/jar/TWL.jar
7f123d7e1000-7f123d7e4000 r--s 0001d000 00:14 157000                     /home/rnolan/workspace/jge3d_temp/lib/jar/lwjgl_util.jar
7f123d7e4000-7f123d7f0000 r--s 000c8000 00:14 156998                     /home/rnolan/workspace/jge3d_temp/lib/jar/lwjgl.jar
7f123d7f0000-7f123d7f1000 ---p 00000000 00:00 0 
7f123d7f1000-7f123d8f1000 rw-p 00000000 00:00 0 
7f123d8f1000-7f123d8f4000 ---p 00000000 00:00 0 
7f123d8f4000-7f123d9f2000 rw-p 00000000 00:00 0 
7f123d9f2000-7f123d9f5000 ---p 00000000 00:00 0 
7f123d9f5000-7f123daf3000 rw-p 00000000 00:00 0 
7f123daf3000-7f123daf6000 ---p 00000000 00:00 0 
7f123daf6000-7f123dbf4000 rw-p 00000000 00:00 0 
7f123dbf4000-7f123dbf7000 ---p 00000000 00:00 0 
7f123dbf7000-7f123dcf5000 rw-p 00000000 00:00 0 
7f123dcf5000-7f123dea8000 r--p 00000000 00:10 171485                     /usr/lib/locale/locale-archive
7f123dea8000-7f123deab000 ---p 00000000 00:00 0 
7f123deab000-7f123dfa9000 rw-p 00000000 00:00 0 
7f123dfa9000-7f123dfac000 ---p 00000000 00:00 0 
7f123dfac000-7f123e0aa000 rw-p 00000000 00:00 0 
7f123e0aa000-7f123e0ab000 ---p 00000000 00:00 0 
7f123e0ab000-7f123eab4000 rw-p 00000000 00:00 0 
7f123eab4000-7f123eab6000 r--s 0001d000 00:10 233540                     /usr/lib/jvm/java-6-openjdk/jre/lib/plugin.jar
7f123eab6000-7f123eabb000 r--s 00044000 00:10 233549                     /usr/lib/jvm/java-6-openjdk/jre/lib/netx.jar
7f123eabb000-7f123eaed000 rw-p 00000000 00:00 0 
7f123eaed000-7f123ec7c000 r--s 038ae000 00:10 233547                     /usr/lib/jvm/java-6-openjdk/jre/lib/rt.jar
7f123ec7c000-7f123eca4000 rw-p 00000000 00:00 0 
7f123eca4000-7f123eca5000 ---p 00000000 00:00 0 
7f123eca5000-7f123eda5000 rw-p 00000000 00:00 0 
7f123eda5000-7f123eda6000 ---p 00000000 00:00 0 
7f123eda6000-7f123eea6000 rw-p 00000000 00:00 0 
7f123eea6000-7f123eea7000 ---p 00000000 00:00 0 
7f123eea7000-7f123efa7000 rw-p 00000000 00:00 0 
7f123efa7000-7f123efa8000 ---p 00000000 00:00 0 
7f123efa8000-7f123f0a8000 rw-p 00000000 00:00 0 
7f123f0a8000-7f123f0a9000 ---p 00000000 00:00 0 
7f123f0a9000-7f123f1a9000 rw-p 00000000 00:00 0 
7f123f1a9000-7f123f1aa000 ---p 00000000 00:00 0 
7f123f1aa000-7f123f2aa000 rw-p 00000000 00:00 0 
7f123f2aa000-7f123f2ab000 ---p 00000000 00:00 0 
7f123f2ab000-7f123f3ab000 rw-p 00000000 00:00 0 
7f123f3ab000-7f123f3ac000 ---p 00000000 00:00 0 
7f123f3ac000-7f123f4b7000 rw-p 00000000 00:00 0 
7f123f4b7000-7f123f500000 rw-p 00000000 00:00 0 
7f123f500000-7f123f52a000 rw-p 00000000 00:00 0 
7f123f52a000-7f123f798000 rw-p 00000000 00:00 0 
7f123f798000-7f123f7a3000 rw-p 00000000 00:00 0 
7f123f7a3000-7f123f7ec000 rw-p 00000000 00:00 0 
7f123f7ec000-7f123f816000 rw-p 00000000 00:00 0 
7f123f816000-7f123fa83000 rw-p 00000000 00:00 0 
7f123fa83000-7f123fa99000 rw-p 00000000 00:00 0 
7f123fa99000-7f123fbcf000 rw-p 00000000 00:00 0 
7f123fbcf000-7f1241090000 rw-p 00000000 00:00 0 
7f1241090000-7f124a3d0000 rw-p 00000000 00:00 0 
7f124a3d0000-7f124f6b0000 rw-p 00000000 00:00 0 
7f124f6b0000-7f129d280000 rw-p 00000000 00:00 0 
7f129d280000-7f129fbf0000 rw-p 00000000 00:00 0 
7f129fbf0000-7f12c69d0000 rw-p 00000000 00:00 0 
7f12c69d0000-7f12c69d3000 r--s 00077000 00:10 233623                     /usr/lib/jvm/java-6-openjdk/jre/lib/ext/localedata.jar
7f12c69d3000-7f12c69d5000 r--s 0002e000 00:14 157011                     /home/rnolan/workspace/jge3d_temp/lib/jar_src/vecmath.zip
7f12c69d5000-7f12c69d7000 r--s 00001000 00:10 233619                     /usr/lib/jvm/java-6-openjdk/jre/lib/ext/dnsns.jar
7f12c69d7000-7f12c6c47000 rwxp 00000000 00:00 0 
7f12c6c47000-7f12c99d7000 rw-p 00000000 00:00 0 
7f12c99d7000-7f12c99de000 r-xp 00000000 00:10 233588                     /usr/lib/jvm/java-6-openjdk/jre/lib/amd64/libzip.so
7f12c99de000-7f12c9bdd000 ---p 00007000 00:10 233588                     /usr/lib/jvm/java-6-openjdk/jre/lib/amd64/libzip.so
7f12c9bdd000-7f12c9bde000 rw-p 00006000 00:10 233588                     /usr/lib/jvm/java-6-openjdk/jre/lib/amd64/libzip.so
7f12c9bde000-7f12c9bea000 r-xp 00000000 00:10 170163                     /lib/libnss_files-2.12.1.so
7f12c9bea000-7f12c9de9000 ---p 0000c000 00:10 170163                     /lib/libnss_files-2.12.1.so
7f12c9de9000-7f12c9dea000 r--p 0000b000 00:10 170163                     /lib/libnss_files-2.12.1.so
7f12c9dea000-7f12c9deb000 rw-p 0000c000 00:10 170163                     /lib/libnss_files-2.12.1.so
7f12c9deb000-7f12c9df3000 r-xp 00000000 00:10 233616                     /usr/lib/jvm/java-6-openjdk/jre/lib/amd64/native_threads/libhpi.so
7f12c9df3000-7f12c9ff2000 ---p 00008000 00:10 233616                     /usr/lib/jvm/java-6-openjdk/jre/lib/amd64/native_threads/libhpi.so
7f12c9ff2000-7f12c9ff4000 rw-p 00007000 00:10 233616                     /usr/lib/jvm/java-6-openjdk/jre/lib/amd64/native_threads/libhpi.so
7f12c9ff4000-7f12ca009000 r-xp 00000000 00:10 170144                     /lib/libnsl-2.12.1.so
7f12ca009000-7f12ca208000 ---p 00015000 00:10 170144                     /lib/libnsl-2.12.1.so
7f12ca208000-7f12ca209000 r--p 00014000 00:10 170144                     /lib/libnsl-2.12.1.so
7f12ca209000-7f12ca20a000 rw-p 00015000 00:10 170144                     /lib/libnsl-2.12.1.so
7f12ca20a000-7f12ca20c000 rw-p 00000000 00:00 0 
7f12ca20c000-7f12ca239000 r-xp 00000000 00:10 233598                     /usr/lib/jvm/java-6-openjdk/jre/lib/amd64/libjava.so
7f12ca239000-7f12ca439000 ---p 0002d000 00:10 233598                     /usr/lib/jvm/java-6-openjdk/jre/lib/amd64/libjava.so
7f12ca439000-7f12ca43d000 rw-p 0002d000 00:10 233598                     /usr/lib/jvm/java-6-openjdk/jre/lib/amd64/libjava.so
7f12ca43d000-7f12ca44b000 r-xp 00000000 00:10 233584                     /usr/lib/jvm/java-6-openjdk/jre/lib/amd64/libverify.so
7f12ca44b000-7f12ca64a000 ---p 0000e000 00:10 233584                     /usr/lib/jvm/java-6-openjdk/jre/lib/amd64/libverify.so
7f12ca64a000-7f12ca64c000 rw-p 0000d000 00:10 233584                     /usr/lib/jvm/java-6-openjdk/jre/lib/amd64/libverify.so
7f12ca64c000-7f12ca653000 r-xp 00000000 00:10 170146                     /lib/librt-2.12.1.so
7f12ca653000-7f12ca852000 ---p 00007000 00:10 170146                     /lib/librt-2.12.1.so
7f12ca852000-7f12ca853000 r--p 00006000 00:10 170146                     /lib/librt-2.12.1.so
7f12ca853000-7f12ca854000 rw-p 00007000 00:10 170146                     /lib/librt-2.12.1.so
7f12ca854000-7f12ca8d5000 r-xp 00000000 00:10 170174                     /lib/libm-2.12.1.so
7f12ca8d5000-7f12caad4000 ---p 00081000 00:10 170174                     /lib/libm-2.12.1.so
7f12caad4000-7f12caad5000 r--p 00080000 00:10 170174                     /lib/libm-2.12.1.so
7f12caad5000-7f12caad6000 rw-p 00081000 00:10 170174                     /lib/libm-2.12.1.so
7f12caad6000-7f12cb31d000 r-xp 00000000 00:10 233613                     /usr/lib/jvm/java-6-openjdk/jre/lib/amd64/server/libjvm.so
7f12cb31d000-7f12cb51d000 ---p 00847000 00:10 233613                     /usr/lib/jvm/java-6-openjdk/jre/lib/amd64/server/libjvm.so
7f12cb51d000-7f12cb5ad000 rw-p 00847000 00:10 233613                     /usr/lib/jvm/java-6-openjdk/jre/lib/amd64/server/libjvm.so
7f12cb5ad000-7f12cb5e8000 rw-p 00000000 00:00 0 
7f12cb5e8000-7f12cb73b000 r-xp 00000000 00:10 170157                     /lib/libc-2.12.1.so
7f12cb73b000-7f12cb93b000 ---p 00153000 00:10 170157                     /lib/libc-2.12.1.so
7f12cb93b000-7f12cb93f000 r--p 00153000 00:10 170157                     /lib/libc-2.12.1.so
7f12cb93f000-7f12cb940000 rw-p 00157000 00:10 170157                     /lib/libc-2.12.1.so
7f12cb940000-7f12cb945000 rw-p 00000000 00:00 0 
7f12cb945000-7f12cb947000 r-xp 00000000 00:10 170167                     /lib/libdl-2.12.1.so
7f12cb947000-7f12cbb47000 ---p 00002000 00:10 170167                     /lib/libdl-2.12.1.so
7f12cbb47000-7f12cbb48000 r--p 00002000 00:10 170167                     /lib/libdl-2.12.1.so
7f12cbb48000-7f12cbb49000 rw-p 00003000 00:10 170167                     /lib/libdl-2.12.1.so
7f12cbb49000-7f12cbb4d000 r-xp 00000000 00:10 233618                     /usr/lib/jvm/java-6-openjdk/jre/lib/amd64/jli/libjli.so
7f12cbb4d000-7f12cbd4c000 ---p 00004000 00:10 233618                     /usr/lib/jvm/java-6-openjdk/jre/lib/amd64/jli/libjli.so
7f12cbd4c000-7f12cbd4d000 rw-p 00003000 00:10 233618                     /usr/lib/jvm/java-6-openjdk/jre/lib/amd64/jli/libjli.so
7f12cbd4d000-7f12cbd64000 r-xp 00000000 00:10 170152                     /lib/libpthread-2.12.1.so
7f12cbd64000-7f12cbf64000 ---p 00017000 00:10 170152                     /lib/libpthread-2.12.1.so
7f12cbf64000-7f12cbf65000 r--p 00017000 00:10 170152                     /lib/libpthread-2.12.1.so
7f12cbf65000-7f12cbf66000 rw-p 00018000 00:10 170152                     /lib/libpthread-2.12.1.so
7f12cbf66000-7f12cbf6a000 rw-p 00000000 00:00 0 
7f12cbf6a000-7f12cbf82000 r-xp 00000000 00:10 14977                      /usr/lib/libz.so.1.2.5
7f12cbf82000-7f12cc181000 ---p 00018000 00:10 14977                      /usr/lib/libz.so.1.2.5
7f12cc181000-7f12cc182000 rw-p 00017000 00:10 14977                      /usr/lib/libz.so.1.2.5
7f12cc182000-7f12cc1a0000 r-xp 00000000 00:10 170162                     /lib/ld-2.12.1.so
7f12cc1a0000-7f12cc1a3000 r--s 0001b000 00:14 157005                     /home/rnolan/workspace/jge3d_temp/lib/jar/xpp3-1.1.4c.jar
7f12cc1a3000-7f12cc1a4000 rw-s 05c3c000 00:05 6993                       /dev/ati/card0
7f12cc1a4000-7f12cc1a6000 rw-s 05c39000 00:05 6993                       /dev/ati/card0
7f12cc1a6000-7f12cc1af000 r--s 00000000 00:10 238316                     /var/cache/fontconfig/d62e99ef547d1d24cdb1bd22ec1a2976-le64.cache-3
7f12cc1af000-7f12cc1b9000 rw-p 00000000 00:00 0 
7f12cc1b9000-7f12cc26f000 rw-p 00000000 00:00 0 
7f12cc26f000-7f12cc272000 ---p 00000000 00:00 0 
7f12cc272000-7f12cc375000 rw-p 00000000 00:00 0 
7f12cc375000-7f12cc38b000 r--s 00000000 00:10 238324                     /var/cache/fontconfig/8d4af663993b81a124ee82e610bb31f9-le64.cache-3
7f12cc38b000-7f12cc394000 r--s 00000000 00:10 238316                     /var/cache/fontconfig/d62e99ef547d1d24cdb1bd22ec1a2976-le64.cache-3
7f12cc394000-7f12cc39c000 rw-s 00000000 00:10 297310                     /tmp/hsperfdata_rnolan/11015 (deleted)
7f12cc39c000-7f12cc39d000 rw-p 00000000 00:00 0 
7f12cc39d000-7f12cc39e000 ---p 00000000 00:00 0 
7f12cc39e000-7f12cc39f000 rw-p 00000000 00:00 0 
7f12cc39f000-7f12cc3a0000 r--p 0001d000 00:10 170162                     /lib/ld-2.12.1.so
7f12cc3a0000-7f12cc3a1000 rw-p 0001e000 00:10 170162                     /lib/ld-2.12.1.so
7f12cc3a1000-7f12cc3a2000 rw-p 00000000 00:00 0 
7fff9978d000-7fff997ae000 rw-p 00000000 00:00 0                          [stack]
7fff997ff000-7fff99800000 r-xp 00000000 00:00 0                          [vdso]
ffffffffff600000-ffffffffff601000 r-xp 00000000 00:00 0                  [vsyscall]

VM Arguments:
jvm_args: -Djava.library.path=/home/rnolan/workspace/jge3d_temp/lib/native:/home/rnolan/workspace/jge3d_temp/lib/native -Dfile.encoding=UTF-8 
java_command: window.Window
Launcher Type: SUN_STANDARD

Environment Variables:
JAVA_HOME=/usr/lib/jvm/java-6-openjdk
PATH=/bin:/usr/bin:/sbin:/usr/sbin:/opt/kde/bin:/usr/lib/perl5/core_perl/bin:/opt/qt/bin
USERNAME=rnolan
LD_LIBRARY_PATH=/usr/lib/jvm/java-6-openjdk/jre/lib/amd64/server:/usr/lib/jvm/java-6-openjdk/jre/lib/amd64:/usr/lib/jvm/java-6-openjdk/jre/../lib/amd64
SHELL=/bin/bash
DISPLAY=:0.0

Signal Handlers:
SIGSEGV: [libjvm.so+0x6d4520], sa_mask[0]=0x7ffbfeff, sa_flags=0x10000004
SIGBUS: [libjvm.so+0x6d4520], sa_mask[0]=0x7ffbfeff, sa_flags=0x10000004
SIGFPE: [libjvm.so+0x594520], sa_mask[0]=0x7ffbfeff, sa_flags=0x10000004
SIGPIPE: [libjvm.so+0x594520], sa_mask[0]=0x7ffbfeff, sa_flags=0x10000004
SIGXFSZ: [libjvm.so+0x594520], sa_mask[0]=0x7ffbfeff, sa_flags=0x10000004
SIGILL: [libjvm.so+0x594520], sa_mask[0]=0x7ffbfeff, sa_flags=0x10000004
SIGUSR1: SIG_DFL, sa_mask[0]=0x00000000, sa_flags=0x00000000
SIGUSR2: [libjvm.so+0x5945f0], sa_mask[0]=0x00000004, sa_flags=0x10000004
SIGHUP: [libjvm.so+0x596d10], sa_mask[0]=0x7ffbfeff, sa_flags=0x10000004
SIGINT: [libjvm.so+0x596d10], sa_mask[0]=0x7ffbfeff, sa_flags=0x10000004
SIGTERM: [libjvm.so+0x596d10], sa_mask[0]=0x7ffbfeff, sa_flags=0x10000004
SIGQUIT: [libjvm.so+0x596d10], sa_mask[0]=0x7ffbfeff, sa_flags=0x10000004


---------------  S Y S T E M  ---------------

OS:Linux
uname:Linux 2.6.36-ARCH #1 SMP PREEMPT Wed Nov 24 00:39:57 CET 2010 x86_64
libc:glibc 2.12.1 NPTL 2.12.1 
rlimit: STACK 8192k, CORE 0k, NPROC 63604, NOFILE 1024, AS infinity
load average:0.72 0.58 0.48

CPU:total 8 (8 cores per cpu, 2 threads per core) family 6 model 30 stepping 5, cmov, cx8, fxsr, mmx, sse, sse2, sse3, ssse3, sse4.1, sse4.2, popcnt, ht

Memory: 4k page, physical 8144752k(2630088k free), swap 3906044k(3906044k free)

vm_info: OpenJDK 64-Bit Server VM (17.0-b16) for linux-amd64 JRE (1.6.0_20-b20), built on Dec  2 2010 11:57:50 by "nobody" with gcc 4.5.1 20101125 (prerelease)

time: Tue Dec  7 15:10:05 2010
elapsed time: 32 seconds

